outputs/logs/manifest-merger-debug-report.txt
-- Merging decision tree log ---
manifest
ADDED from src\main\AndroidManifest.xml:2:1-36:12
INJECTED from src\main\AndroidManifest.xml:2:1-36:12
INJECTED from src\main\AndroidManifest.xml:2:1-36:12
INJECTED from src\main\AndroidManifest.xml:2:1-36:12
MERGED from [androidx.multidex:multidex:2.0.1] AndroidManifest.xml:17:1-22:12
MERGED from [:lib-android-brsdk-core] AndroidManifest.xml:2:1-11:12
MERGED from [:lib-android-brsdk-print] AndroidManifest.xml:2:1-11:12
MERGED from [:lib-android-brsdk-scan] AndroidManifest.xml:2:1-11:12
MERGED from [com.amplifyframework:aws-storage-s3:1.17.4] AndroidManifest.xml:16:1-32:12
MERGED from [com.amplifyframework:aws-auth-cognito:1.17.4] AndroidManifest.xml:16:1-24:12
MERGED from [com.amazonaws:aws-android-sdk-s3:2.23.0] AndroidManifest.xml:2:1-12:12
MERGED from [com.amplifyframework:core:1.17.4] AndroidManifest.xml:16:1-32:12
MERGED from [androidx.navigation:navigation-ui-ktx:2.3.4] AndroidManifest.xml:17:1-24:12
MERGED from [androidx.navigation:navigation-ui:2.3.4] AndroidManifest.xml:17:1-24:12
MERGED from [com.google.android.material:material:1.0.0] AndroidManifest.xml:17:1-24:12
MERGED from [androidx.appcompat:appcompat:1.2.0] AndroidManifest.xml:17:1-24:12
MERGED from [androidx.legacy:legacy-support-v4:1.0.0] AndroidManifest.xml:17:1-22:12
MERGED from [androidx.recyclerview:recyclerview:1.0.0] AndroidManifest.xml:17:1-22:12
MERGED from [androidx.legacy:legacy-support-core-ui:1.0.0] AndroidManifest.xml:17:1-22:12
MERGED from [androidx.legacy:legacy-support-core-utils:1.0.0] AndroidManifest.xml:17:1-22:12
MERGED from [androidx.media:media:1.0.0] AndroidManifest.xml:17:1-22:12
MERGED from [androidx.documentfile:documentfile:1.0.0] AndroidManifest.xml:17:1-22:12
MERGED from [androidx.navigation:navigation-dynamic-features-fragment:2.3.4] AndroidManifest.xml:17:1-24:12
MERGED from [androidx.navigation:navigation-fragment-ktx:2.3.4] AndroidManifest.xml:17:1-24:12
MERGED from [androidx.navigation:navigation-fragment:2.3.4] AndroidManifest.xml:17:1-24:12
MERGED from [androidx.fragment:fragment-ktx:1.2.4] AndroidManifest.xml:17:1-24:12
MERGED from [androidx.fragment:fragment:1.2.4] AndroidManifest.xml:17:1-24:12
MERGED from [androidx.loader:loader:1.0.0] AndroidManifest.xml:17:1-22:12
MERGED from [androidx.localbroadcastmanager:localbroadcastmanager:1.0.0] AndroidManifest.xml:17:1-22:12
MERGED from [androidx.print:print:1.0.0] AndroidManifest.xml:17:1-22:12
MERGED from [androidx.cursoradapter:cursoradapter:1.0.0] AndroidManifest.xml:17:1-22:12
MERGED from [androidx.appcompat:appcompat-resources:1.2.0] AndroidManifest.xml:17:1-24:12
MERGED from [com.amazonaws:aws-android-sdk-cognitoauth:2.23.0] AndroidManifest.xml:2:1-19:12
MERGED from [com.amazonaws:aws-android-sdk-kms:2.23.0] AndroidManifest.xml:2:1-10:12
MERGED from [com.amazonaws:aws-android-sdk-mobile-client:2.23.0] AndroidManifest.xml:2:1-20:12
MERGED from [com.amazonaws:aws-android-sdk-auth-core:2.23.0] AndroidManifest.xml:2:1-10:12
MERGED from [com.amazonaws:aws-android-sdk-cognitoidentityprovider:2.23.0] AndroidManifest.xml:2:1-10:12
MERGED from [com.amazonaws:aws-android-sdk-core:2.23.0] AndroidManifest.xml:2:1-16:12
MERGED from [androidx.browser:browser:1.2.0] AndroidManifest.xml:17:1-24:12
MERGED from [androidx.drawerlayout:drawerlayout:1.1.1] AndroidManifest.xml:17:1-24:12
MERGED from [androidx.viewpager:viewpager:1.0.0] AndroidManifest.xml:17:1-22:12
MERGED from [androidx.coordinatorlayout:coordinatorlayout:1.0.0] AndroidManifest.xml:17:1-22:12
MERGED from [androidx.slidingpanelayout:slidingpanelayout:1.0.0] AndroidManifest.xml:17:1-22:12
MERGED from [androidx.customview:customview:1.1.0] AndroidManifest.xml:17:1-24:12
MERGED from [androidx.transition:transition:1.3.0] AndroidManifest.xml:17:1-24:12
MERGED from [androidx.swiperefreshlayout:swiperefreshlayout:1.0.0] AndroidManifest.xml:17:1-22:12
MERGED from [androidx.asynclayoutinflater:asynclayoutinflater:1.0.0] AndroidManifest.xml:17:1-22:12
MERGED from [androidx.vectordrawable:vectordrawable-animated:1.1.0] AndroidManifest.xml:17:1-24:12
MERGED from [androidx.vectordrawable:vectordrawable:1.1.0] AndroidManifest.xml:17:1-24:12
MERGED from [androidx.navigation:navigation-dynamic-features-runtime:2.3.4] AndroidManifest.xml:17:1-24:12
MERGED from [androidx.navigation:navigation-runtime-ktx:2.3.4] AndroidManifest.xml:17:1-24:12
MERGED from [androidx.navigation:navigation-runtime:2.3.4] AndroidManifest.xml:17:1-24:12
MERGED from [androidx.activity:activity-ktx:1.1.0] AndroidManifest.xml:17:1-24:12
MERGED from [androidx.activity:activity:1.1.0] AndroidManifest.xml:17:1-24:12
MERGED from [androidx.navigation:navigation-common-ktx:2.3.4] AndroidManifest.xml:17:1-24:12
MERGED from [androidx.navigation:navigation-common:2.3.4] AndroidManifest.xml:17:1-24:12
MERGED from [androidx.core:core-ktx:1.1.0] AndroidManifest.xml:2:1-9:12
MERGED from [androidx.core:core:1.3.1] AndroidManifest.xml:17:1-26:12
MERGED from [androidx.interpolator:interpolator:1.0.0] AndroidManifest.xml:17:1-22:12
MERGED from [androidx.versionedparcelable:versionedparcelable:1.1.0] AndroidManifest.xml:17:1-27:12
MERGED from [androidx.lifecycle:lifecycle-viewmodel-ktx:2.2.0] AndroidManifest.xml:17:1-24:12
MERGED from [androidx.lifecycle:lifecycle-viewmodel-savedstate:2.2.0] AndroidManifest.xml:17:1-24:12
MERGED from [androidx.lifecycle:lifecycle-viewmodel:2.2.0] AndroidManifest.xml:17:1-24:12
MERGED from [androidx.savedstate:savedstate:1.0.0] AndroidManifest.xml:17:1-24:12
MERGED from [androidx.cardview:cardview:1.0.0] AndroidManifest.xml:17:1-22:12
MERGED from [androidx.lifecycle:lifecycle-runtime-ktx:2.2.0] AndroidManifest.xml:17:1-24:12
MERGED from [androidx.lifecycle:lifecycle-runtime:2.2.0] AndroidManifest.xml:17:1-24:12
MERGED from [androidx.lifecycle:lifecycle-livedata:2.0.0] AndroidManifest.xml:17:1-22:12
MERGED from [androidx.lifecycle:lifecycle-livedata-core-ktx:2.2.0] AndroidManifest.xml:17:1-24:12
MERGED from [androidx.lifecycle:lifecycle-livedata-core:2.2.0] AndroidManifest.xml:17:1-24:12
MERGED from [androidx.arch.core:core-runtime:2.1.0] AndroidManifest.xml:17:1-24:12
MERGED from [com.google.android.play:core:1.9.1] AndroidManifest.xml:2:1-23:12
INJECTED from src\main\AndroidManifest.xml:2:1-36:12
INJECTED from src\main\AndroidManifest.xml:2:1-36:12
INJECTED from src\main\AndroidManifest.xml:2:1-36:12
	package
		ADDED from src\main\AndroidManifest.xml:3:2-43
		INJECTED from src\main\AndroidManifest.xml
		INJECTED from src\main\AndroidManifest.xml
	android:versionName
		INJECTED from src\main\AndroidManifest.xml
		ADDED from src\main\AndroidManifest.xml:2:1-36:12
		INJECTED from src\main\AndroidManifest.xml
	android:versionCode
		INJECTED from src\main\AndroidManifest.xml
		ADDED from src\main\AndroidManifest.xml:2:1-36:12
		INJECTED from src\main\AndroidManifest.xml
	xmlns:android
		ADDED from src\main\AndroidManifest.xml:2:11-69
uses-permission#android.permission.WRITE_EXTERNAL_STORAGE
ADDED from src\main\AndroidManifest.xml:4:2-78
MERGED from [com.amplifyframework:aws-storage-s3:1.17.4] AndroidManifest.xml:24:5-81
MERGED from [com.amplifyframework:aws-storage-s3:1.17.4] AndroidManifest.xml:24:5-81
	android:name
		ADDED from src\main\AndroidManifest.xml:4:19-75
uses-permission#android.permission.INTERNET
ADDED from src\main\AndroidManifest.xml:5:2-64
MERGED from [com.amplifyframework:core:1.17.4] AndroidManifest.xml:24:5-67
MERGED from [com.amplifyframework:core:1.17.4] AndroidManifest.xml:24:5-67
MERGED from [com.amazonaws:aws-android-sdk-mobile-client:2.23.0] AndroidManifest.xml:17:5-67
MERGED from [com.amazonaws:aws-android-sdk-mobile-client:2.23.0] AndroidManifest.xml:17:5-67
	android:name
		ADDED from src\main\AndroidManifest.xml:5:19-61
uses-permission#android.permission.ACCESS_WIFI_STATE
ADDED from src\main\AndroidManifest.xml:6:2-73
	android:name
		ADDED from src\main\AndroidManifest.xml:6:19-70
uses-permission#android.permission.CHANGE_WIFI_STATE
ADDED from src\main\AndroidManifest.xml:7:2-73
	android:name
		ADDED from src\main\AndroidManifest.xml:7:19-70
uses-permission#android.permission.ACCESS_NETWORK_STATE
ADDED from src\main\AndroidManifest.xml:8:2-76
MERGED from [com.amazonaws:aws-android-sdk-s3:2.23.0] AndroidManifest.xml:10:5-79
MERGED from [com.amazonaws:aws-android-sdk-s3:2.23.0] AndroidManifest.xml:10:5-79
MERGED from [com.amazonaws:aws-android-sdk-mobile-client:2.23.0] AndroidManifest.xml:18:5-79
MERGED from [com.amazonaws:aws-android-sdk-mobile-client:2.23.0] AndroidManifest.xml:18:5-79
	android:name
		ADDED from src\main\AndroidManifest.xml:8:19-73
uses-permission#android.permission.CHANGE_NETWORK_STATE
ADDED from src\main\AndroidManifest.xml:9:2-76
	android:name
		ADDED from src\main\AndroidManifest.xml:9:19-73
uses-permission#android.permission.READ_EXTERNAL_STORAGE
ADDED from src\main\AndroidManifest.xml:10:2-77
	android:name
		ADDED from src\main\AndroidManifest.xml:10:19-74
uses-feature#android.hardware.usb.host
ADDED from src\main\AndroidManifest.xml:11:5-62
	android:name
		ADDED from src\main\AndroidManifest.xml:11:19-59
application
ADDED from src\main\AndroidManifest.xml:13:2-35:16
MERGED from [com.amplifyframework:aws-storage-s3:1.17.4] AndroidManifest.xml:26:5-30:19
MERGED from [com.amplifyframework:aws-storage-s3:1.17.4] AndroidManifest.xml:26:5-30:19
MERGED from [com.amplifyframework:core:1.17.4] AndroidManifest.xml:26:5-30:19
MERGED from [com.amplifyframework:core:1.17.4] AndroidManifest.xml:26:5-30:19
MERGED from [com.google.android.material:material:1.0.0] AndroidManifest.xml:22:5-20
MERGED from [com.google.android.material:material:1.0.0] AndroidManifest.xml:22:5-20
MERGED from [com.amazonaws:aws-android-sdk-cognitoauth:2.23.0] AndroidManifest.xml:11:5-17:19
MERGED from [com.amazonaws:aws-android-sdk-cognitoauth:2.23.0] AndroidManifest.xml:11:5-17:19
MERGED from [com.amazonaws:aws-android-sdk-core:2.23.0] AndroidManifest.xml:10:5-14:19
MERGED from [com.amazonaws:aws-android-sdk-core:2.23.0] AndroidManifest.xml:10:5-14:19
MERGED from [androidx.core:core:1.3.1] AndroidManifest.xml:24:5-89
MERGED from [androidx.core:core:1.3.1] AndroidManifest.xml:24:5-89
MERGED from [androidx.versionedparcelable:versionedparcelable:1.1.0] AndroidManifest.xml:24:5-25:19
MERGED from [androidx.versionedparcelable:versionedparcelable:1.1.0] AndroidManifest.xml:24:5-25:19
MERGED from [com.google.android.play:core:1.9.1] AndroidManifest.xml:10:3-21:17
MERGED from [com.google.android.play:core:1.9.1] AndroidManifest.xml:10:3-21:17
	android:appComponentFactory
		ADDED from [androidx.core:core:1.3.1] AndroidManifest.xml:24:18-86
	android:label
		ADDED from src\main\AndroidManifest.xml:17:3-35
	android:largeHeap
		ADDED from src\main\AndroidManifest.xml:18:3-27
	android:icon
		ADDED from src\main\AndroidManifest.xml:16:3-39
	android:allowBackup
		ADDED from src\main\AndroidManifest.xml:15:3-29
	android:theme
		ADDED from src\main\AndroidManifest.xml:19:3-34
activity#com.example.androidsdksampleapp.MainActivity
ADDED from src\main\AndroidManifest.xml:20:3-29:14
	android:label
		ADDED from src\main\AndroidManifest.xml:21:4-36
	android:configChanges
		ADDED from src\main\AndroidManifest.xml:23:4-177
	android:name
		ADDED from src\main\AndroidManifest.xml:22:4-32
intent-filter#action:name:android.intent.action.MAIN+category:name:android.intent.category.LAUNCHER
ADDED from src\main\AndroidManifest.xml:25:4-28:20
action#android.intent.action.MAIN
ADDED from src\main\AndroidManifest.xml:26:5-57
	android:name
		ADDED from src\main\AndroidManifest.xml:26:13-54
category#android.intent.category.LAUNCHER
ADDED from src\main\AndroidManifest.xml:27:5-65
	android:name
		ADDED from src\main\AndroidManifest.xml:27:15-62
activity#com.example.androidsdksampleapp.ScanResultActivity
ADDED from src\main\AndroidManifest.xml:30:3-34:6
	android:label
		ADDED from src\main\AndroidManifest.xml:31:4-36
	android:configChanges
		ADDED from src\main\AndroidManifest.xml:33:4-177
	android:name
		ADDED from src\main\AndroidManifest.xml:32:4-38
uses-sdk
INJECTED from src\main\AndroidManifest.xml reason: use-sdk injection requested
INJECTED from src\main\AndroidManifest.xml
INJECTED from src\main\AndroidManifest.xml
MERGED from [androidx.multidex:multidex:2.0.1] AndroidManifest.xml:20:5-43
MERGED from [androidx.multidex:multidex:2.0.1] AndroidManifest.xml:20:5-43
MERGED from [:lib-android-brsdk-core] AndroidManifest.xml:7:5-9:41
MERGED from [:lib-android-brsdk-core] AndroidManifest.xml:7:5-9:41
MERGED from [:lib-android-brsdk-print] AndroidManifest.xml:7:5-9:41
MERGED from [:lib-android-brsdk-print] AndroidManifest.xml:7:5-9:41
MERGED from [:lib-android-brsdk-scan] AndroidManifest.xml:7:5-9:41
MERGED from [:lib-android-brsdk-scan] AndroidManifest.xml:7:5-9:41
MERGED from [com.amplifyframework:aws-storage-s3:1.17.4] AndroidManifest.xml:20:5-22:41
MERGED from [com.amplifyframework:aws-storage-s3:1.17.4] AndroidManifest.xml:20:5-22:41
MERGED from [com.amplifyframework:aws-auth-cognito:1.17.4] AndroidManifest.xml:20:5-22:41
MERGED from [com.amplifyframework:aws-auth-cognito:1.17.4] AndroidManifest.xml:20:5-22:41
MERGED from [com.amazonaws:aws-android-sdk-s3:2.23.0] AndroidManifest.xml:6:5-8:41
MERGED from [com.amazonaws:aws-android-sdk-s3:2.23.0] AndroidManifest.xml:6:5-8:41
MERGED from [com.amplifyframework:core:1.17.4] AndroidManifest.xml:20:5-22:41
MERGED from [com.amplifyframework:core:1.17.4] AndroidManifest.xml:20:5-22:41
MERGED from [androidx.navigation:navigation-ui-ktx:2.3.4] AndroidManifest.xml:20:5-22:41
MERGED from [androidx.navigation:navigation-ui-ktx:2.3.4] AndroidManifest.xml:20:5-22:41
MERGED from [androidx.navigation:navigation-ui:2.3.4] AndroidManifest.xml:20:5-22:41
MERGED from [androidx.navigation:navigation-ui:2.3.4] AndroidManifest.xml:20:5-22:41
MERGED from [com.google.android.material:material:1.0.0] AndroidManifest.xml:20:5-44
MERGED from [com.google.android.material:material:1.0.0] AndroidManifest.xml:20:5-44
MERGED from [androidx.appcompat:appcompat:1.2.0] AndroidManifest.xml:20:5-22:41
MERGED from [androidx.appcompat:appcompat:1.2.0] AndroidManifest.xml:20:5-22:41
MERGED from [androidx.legacy:legacy-support-v4:1.0.0] AndroidManifest.xml:20:5-44
MERGED from [androidx.legacy:legacy-support-v4:1.0.0] AndroidManifest.xml:20:5-44
MERGED from [androidx.recyclerview:recyclerview:1.0.0] AndroidManifest.xml:20:5-44
MERGED from [androidx.recyclerview:recyclerview:1.0.0] AndroidManifest.xml:20:5-44
MERGED from [androidx.legacy:legacy-support-core-ui:1.0.0] AndroidManifest.xml:20:5-44
MERGED from [androidx.legacy:legacy-support-core-ui:1.0.0] AndroidManifest.xml:20:5-44
MERGED from [androidx.legacy:legacy-support-core-utils:1.0.0] AndroidManifest.xml:20:5-44
MERGED from [androidx.legacy:legacy-support-core-utils:1.0.0] AndroidManifest.xml:20:5-44
MERGED from [androidx.media:media:1.0.0] AndroidManifest.xml:20:5-44
MERGED from [androidx.media:media:1.0.0] AndroidManifest.xml:20:5-44
MERGED from [androidx.documentfile:documentfile:1.0.0] AndroidManifest.xml:20:5-44
MERGED from [androidx.documentfile:documentfile:1.0.0] AndroidManifest.xml:20:5-44
MERGED from [androidx.navigation:navigation-dynamic-features-fragment:2.3.4] AndroidManifest.xml:20:5-22:41
MERGED from [androidx.navigation:navigation-dynamic-features-fragment:2.3.4] AndroidManifest.xml:20:5-22:41
MERGED from [androidx.navigation:navigation-fragment-ktx:2.3.4] AndroidManifest.xml:20:5-22:41
MERGED from [androidx.navigation:navigation-fragment-ktx:2.3.4] AndroidManifest.xml:20:5-22:41
MERGED from [androidx.navigation:navigation-fragment:2.3.4] AndroidManifest.xml:20:5-22:41
MERGED from [androidx.navigation:navigation-fragment:2.3.4] AndroidManifest.xml:20:5-22:41
MERGED from [androidx.fragment:fragment-ktx:1.2.4] AndroidManifest.xml:20:5-22:41
MERGED from [androidx.fragment:fragment-ktx:1.2.4] AndroidManifest.xml:20:5-22:41
MERGED from [androidx.fragment:fragment:1.2.4] AndroidManifest.xml:20:5-22:41
MERGED from [androidx.fragment:fragment:1.2.4] AndroidManifest.xml:20:5-22:41
MERGED from [androidx.loader:loader:1.0.0] AndroidManifest.xml:20:5-44
MERGED from [androidx.loader:loader:1.0.0] AndroidManifest.xml:20:5-44
MERGED from [androidx.localbroadcastmanager:localbroadcastmanager:1.0.0] AndroidManifest.xml:20:5-44
MERGED from [androidx.localbroadcastmanager:localbroadcastmanager:1.0.0] AndroidManifest.xml:20:5-44
MERGED from [androidx.print:print:1.0.0] AndroidManifest.xml:20:5-44
MERGED from [androidx.print:print:1.0.0] AndroidManifest.xml:20:5-44
MERGED from [androidx.cursoradapter:cursoradapter:1.0.0] AndroidManifest.xml:20:5-44
MERGED from [androidx.cursoradapter:cursoradapter:1.0.0] AndroidManifest.xml:20:5-44
MERGED from [androidx.appcompat:appcompat-resources:1.2.0] AndroidManifest.xml:20:5-22:41
MERGED from [androidx.appcompat:appcompat-resources:1.2.0] AndroidManifest.xml:20:5-22:41
MERGED from [com.amazonaws:aws-android-sdk-cognitoauth:2.23.0] AndroidManifest.xml:7:5-9:41
MERGED from [com.amazonaws:aws-android-sdk-cognitoauth:2.23.0] AndroidManifest.xml:7:5-9:41
MERGED from [com.amazonaws:aws-android-sdk-kms:2.23.0] AndroidManifest.xml:6:5-8:41
MERGED from [com.amazonaws:aws-android-sdk-kms:2.23.0] AndroidManifest.xml:6:5-8:41
MERGED from [com.amazonaws:aws-android-sdk-mobile-client:2.23.0] AndroidManifest.xml:12:5-15:96
MERGED from [com.amazonaws:aws-android-sdk-mobile-client:2.23.0] AndroidManifest.xml:12:5-15:96
MERGED from [com.amazonaws:aws-android-sdk-auth-core:2.23.0] AndroidManifest.xml:6:5-8:41
MERGED from [com.amazonaws:aws-android-sdk-auth-core:2.23.0] AndroidManifest.xml:6:5-8:41
MERGED from [com.amazonaws:aws-android-sdk-cognitoidentityprovider:2.23.0] AndroidManifest.xml:6:5-8:41
MERGED from [com.amazonaws:aws-android-sdk-cognitoidentityprovider:2.23.0] AndroidManifest.xml:6:5-8:41
MERGED from [com.amazonaws:aws-android-sdk-core:2.23.0] AndroidManifest.xml:6:5-8:41
MERGED from [com.amazonaws:aws-android-sdk-core:2.23.0] AndroidManifest.xml:6:5-8:41
MERGED from [androidx.browser:browser:1.2.0] AndroidManifest.xml:20:5-22:41
MERGED from [androidx.browser:browser:1.2.0] AndroidManifest.xml:20:5-22:41
MERGED from [androidx.drawerlayout:drawerlayout:1.1.1] AndroidManifest.xml:20:5-22:41
MERGED from [androidx.drawerlayout:drawerlayout:1.1.1] AndroidManifest.xml:20:5-22:41
MERGED from [androidx.viewpager:viewpager:1.0.0] AndroidManifest.xml:20:5-44
MERGED from [androidx.viewpager:viewpager:1.0.0] AndroidManifest.xml:20:5-44
MERGED from [androidx.coordinatorlayout:coordinatorlayout:1.0.0] AndroidManifest.xml:20:5-44
MERGED from [androidx.coordinatorlayout:coordinatorlayout:1.0.0] AndroidManifest.xml:20:5-44
MERGED from [androidx.slidingpanelayout:slidingpanelayout:1.0.0] AndroidManifest.xml:20:5-44
MERGED from [androidx.slidingpanelayout:slidingpanelayout:1.0.0] AndroidManifest.xml:20:5-44
MERGED from [androidx.customview:customview:1.1.0] AndroidManifest.xml:20:5-22:41
MERGED from [androidx.customview:customview:1.1.0] AndroidManifest.xml:20:5-22:41
MERGED from [androidx.transition:transition:1.3.0] AndroidManifest.xml:20:5-22:41
MERGED from [androidx.transition:transition:1.3.0] AndroidManifest.xml:20:5-22:41
MERGED from [androidx.swiperefreshlayout:swiperefreshlayout:1.0.0] AndroidManifest.xml:20:5-44
MERGED from [androidx.swiperefreshlayout:swiperefreshlayout:1.0.0] AndroidManifest.xml:20:5-44
MERGED from [androidx.asynclayoutinflater:asynclayoutinflater:1.0.0] AndroidManifest.xml:20:5-44
MERGED from [androidx.asynclayoutinflater:asynclayoutinflater:1.0.0] AndroidManifest.xml:20:5-44
MERGED from [androidx.vectordrawable:vectordrawable-animated:1.1.0] AndroidManifest.xml:20:5-22:41
MERGED from [androidx.vectordrawable:vectordrawable-animated:1.1.0] AndroidManifest.xml:20:5-22:41
MERGED from [androidx.vectordrawable:vectordrawable:1.1.0] AndroidManifest.xml:20:5-22:41
MERGED from [androidx.vectordrawable:vectordrawable:1.1.0] AndroidManifest.xml:20:5-22:41
MERGED from [androidx.navigation:navigation-dynamic-features-runtime:2.3.4] AndroidManifest.xml:20:5-22:41
MERGED from [androidx.navigation:navigation-dynamic-features-runtime:2.3.4] AndroidManifest.xml:20:5-22:41
MERGED from [androidx.navigation:navigation-runtime-ktx:2.3.4] AndroidManifest.xml:20:5-22:41
MERGED from [androidx.navigation:navigation-runtime-ktx:2.3.4] AndroidManifest.xml:20:5-22:41
MERGED from [androidx.navigation:navigation-runtime:2.3.4] AndroidManifest.xml:20:5-22:41
MERGED from [androidx.navigation:navigation-runtime:2.3.4] AndroidManifest.xml:20:5-22:41
MERGED from [androidx.activity:activity-ktx:1.1.0] AndroidManifest.xml:20:5-22:41
MERGED from [androidx.activity:activity-ktx:1.1.0] AndroidManifest.xml:20:5-22:41
MERGED from [androidx.activity:activity:1.1.0] AndroidManifest.xml:20:5-22:41
MERGED from [androidx.activity:activity:1.1.0] AndroidManifest.xml:20:5-22:41
MERGED from [androidx.navigation:navigation-common-ktx:2.3.4] AndroidManifest.xml:20:5-22:41
MERGED from [androidx.navigation:navigation-common-ktx:2.3.4] AndroidManifest.xml:20:5-22:41
MERGED from [androidx.navigation:navigation-common:2.3.4] AndroidManifest.xml:20:5-22:41
MERGED from [androidx.navigation:navigation-common:2.3.4] AndroidManifest.xml:20:5-22:41
MERGED from [androidx.core:core-ktx:1.1.0] AndroidManifest.xml:5:5-7:41
MERGED from [androidx.core:core-ktx:1.1.0] AndroidManifest.xml:5:5-7:41
MERGED from [androidx.core:core:1.3.1] AndroidManifest.xml:20:5-22:41
MERGED from [androidx.core:core:1.3.1] AndroidManifest.xml:20:5-22:41
MERGED from [androidx.interpolator:interpolator:1.0.0] AndroidManifest.xml:20:5-44
MERGED from [androidx.interpolator:interpolator:1.0.0] AndroidManifest.xml:20:5-44
MERGED from [androidx.versionedparcelable:versionedparcelable:1.1.0] AndroidManifest.xml:20:5-22:41
MERGED from [androidx.versionedparcelable:versionedparcelable:1.1.0] AndroidManifest.xml:20:5-22:41
MERGED from [androidx.lifecycle:lifecycle-viewmodel-ktx:2.2.0] AndroidManifest.xml:20:5-22:41
MERGED from [androidx.lifecycle:lifecycle-viewmodel-ktx:2.2.0] AndroidManifest.xml:20:5-22:41
MERGED from [androidx.lifecycle:lifecycle-viewmodel-savedstate:2.2.0] AndroidManifest.xml:20:5-22:41
MERGED from [androidx.lifecycle:lifecycle-viewmodel-savedstate:2.2.0] AndroidManifest.xml:20:5-22:41
MERGED from [androidx.lifecycle:lifecycle-viewmodel:2.2.0] AndroidManifest.xml:20:5-22:41
MERGED from [androidx.lifecycle:lifecycle-viewmodel:2.2.0] AndroidManifest.xml:20:5-22:41
MERGED from [androidx.savedstate:savedstate:1.0.0] AndroidManifest.xml:20:5-22:41
MERGED from [androidx.savedstate:savedstate:1.0.0] AndroidManifest.xml:20:5-22:41
MERGED from [androidx.cardview:cardview:1.0.0] AndroidManifest.xml:20:5-44
MERGED from [androidx.cardview:cardview:1.0.0] AndroidManifest.xml:20:5-44
MERGED from [androidx.lifecycle:lifecycle-runtime-ktx:2.2.0] AndroidManifest.xml:20:5-22:41
MERGED from [androidx.lifecycle:lifecycle-runtime-ktx:2.2.0] AndroidManifest.xml:20:5-22:41
MERGED from [androidx.lifecycle:lifecycle-runtime:2.2.0] AndroidManifest.xml:20:5-22:41
MERGED from [androidx.lifecycle:lifecycle-runtime:2.2.0] AndroidManifest.xml:20:5-22:41
MERGED from [androidx.lifecycle:lifecycle-livedata:2.0.0] AndroidManifest.xml:20:5-44
MERGED from [androidx.lifecycle:lifecycle-livedata:2.0.0] AndroidManifest.xml:20:5-44
MERGED from [androidx.lifecycle:lifecycle-livedata-core-ktx:2.2.0] AndroidManifest.xml:20:5-22:41
MERGED from [androidx.lifecycle:lifecycle-livedata-core-ktx:2.2.0] AndroidManifest.xml:20:5-22:41
MERGED from [androidx.lifecycle:lifecycle-livedata-core:2.2.0] AndroidManifest.xml:20:5-22:41
MERGED from [androidx.lifecycle:lifecycle-livedata-core:2.2.0] AndroidManifest.xml:20:5-22:41
MERGED from [androidx.arch.core:core-runtime:2.1.0] AndroidManifest.xml:20:5-22:41
MERGED from [androidx.arch.core:core-runtime:2.1.0] AndroidManifest.xml:20:5-22:41
MERGED from [com.google.android.play:core:1.9.1] AndroidManifest.xml:4:3-70
MERGED from [com.google.android.play:core:1.9.1] AndroidManifest.xml:4:3-70
INJECTED from src\main\AndroidManifest.xml
INJECTED from src\main\AndroidManifest.xml
	tools:overrideLibrary
		ADDED from [com.amazonaws:aws-android-sdk-mobile-client:2.23.0] AndroidManifest.xml:15:9-93
	android:targetSdkVersion
		INJECTED from src\main\AndroidManifest.xml
		ADDED from src\main\AndroidManifest.xml
		INJECTED from src\main\AndroidManifest.xml
	android:minSdkVersion
		INJECTED from src\main\AndroidManifest.xml
		ADDED from src\main\AndroidManifest.xml
		INJECTED from src\main\AndroidManifest.xml
service#com.amazonaws.mobileconnectors.s3.transferutility.TransferService
ADDED from [com.amplifyframework:aws-storage-s3:1.17.4] AndroidManifest.xml:27:9-29:38
	android:enabled
		ADDED from [com.amplifyframework:aws-storage-s3:1.17.4] AndroidManifest.xml:29:13-35
	android:name
		ADDED from [com.amplifyframework:aws-storage-s3:1.17.4] AndroidManifest.xml:28:13-93
activity#com.amplifyframework.devmenu.DeveloperMenuActivity
ADDED from [com.amplifyframework:core:1.17.4] AndroidManifest.xml:27:9-29:54
	android:theme
		ADDED from [com.amplifyframework:core:1.17.4] AndroidManifest.xml:29:13-51
	android:name
		ADDED from [com.amplifyframework:core:1.17.4] AndroidManifest.xml:28:13-78
activity#com.amazonaws.mobileconnectors.cognitoauth.activities.CustomTabsManagerActivity
ADDED from [com.amazonaws:aws-android-sdk-cognitoauth:2.23.0] AndroidManifest.xml:12:9-16:75
	android:launchMode
		ADDED from [com.amazonaws:aws-android-sdk-cognitoauth:2.23.0] AndroidManifest.xml:15:13-44
	android:exported
		ADDED from [com.amazonaws:aws-android-sdk-cognitoauth:2.23.0] AndroidManifest.xml:14:13-37
	android:theme
		ADDED from [com.amazonaws:aws-android-sdk-cognitoauth:2.23.0] AndroidManifest.xml:16:13-72
	android:name
		ADDED from [com.amazonaws:aws-android-sdk-cognitoauth:2.23.0] AndroidManifest.xml:13:13-107
uses-library#org.apache.http.legacy
ADDED from [com.amazonaws:aws-android-sdk-core:2.23.0] AndroidManifest.xml:11:9-13:40
	android:required
		ADDED from [com.amazonaws:aws-android-sdk-core:2.23.0] AndroidManifest.xml:13:13-37
	android:name
		ADDED from [com.amazonaws:aws-android-sdk-core:2.23.0] AndroidManifest.xml:12:13-50
uses-permission#android.permission.FOREGROUND_SERVICE
ADDED from [com.google.android.play:core:1.9.1] AndroidManifest.xml:8:3-74
	android:name
		ADDED from [com.google.android.play:core:1.9.1] AndroidManifest.xml:8:20-72
activity#com.google.android.play.core.missingsplits.PlayCoreMissingSplitsActivity
ADDED from [com.google.android.play:core:1.9.1] AndroidManifest.xml:12:5-271
	android:process
		ADDED from [com.google.android.play:core:1.9.1] AndroidManifest.xml:12:152-203
	android:enabled
		ADDED from [com.google.android.play:core:1.9.1] AndroidManifest.xml:12:103-126
	android:stateNotNeeded
		ADDED from [com.google.android.play:core:1.9.1] AndroidManifest.xml:12:240-269
	android:launchMode
		ADDED from [com.google.android.play:core:1.9.1] AndroidManifest.xml:12:204-239
	android:exported
		ADDED from [com.google.android.play:core:1.9.1] AndroidManifest.xml:12:127-151
	android:name
		ADDED from [com.google.android.play:core:1.9.1] AndroidManifest.xml:12:15-102
activity#com.google.android.play.core.common.PlayCoreDialogWrapperActivity
ADDED from [com.google.android.play:core:1.9.1] AndroidManifest.xml:13:5-226
	android:enabled
		ADDED from [com.google.android.play:core:1.9.1] AndroidManifest.xml:13:96-119
	android:stateNotNeeded
		ADDED from [com.google.android.play:core:1.9.1] AndroidManifest.xml:13:145-174
	android:exported
		ADDED from [com.google.android.play:core:1.9.1] AndroidManifest.xml:13:120-144
	android:theme
		ADDED from [com.google.android.play:core:1.9.1] AndroidManifest.xml:13:175-224
	android:name
		ADDED from [com.google.android.play:core:1.9.1] AndroidManifest.xml:13:15-95
service#com.google.android.play.core.assetpacks.AssetPackExtractionService
ADDED from [com.google.android.play:core:1.9.1] AndroidManifest.xml:16:5-18:15
	android:enabled
		ADDED from [com.google.android.play:core:1.9.1] AndroidManifest.xml:16:96-119
	android:exported
		ADDED from [com.google.android.play:core:1.9.1] AndroidManifest.xml:16:120-143
	android:name
		ADDED from [com.google.android.play:core:1.9.1] AndroidManifest.xml:16:14-95
meta-data#com.google.android.play.core.assetpacks.versionCode
ADDED from [com.google.android.play:core:1.9.1] AndroidManifest.xml:17:7-108
	android:value
		ADDED from [com.google.android.play:core:1.9.1] AndroidManifest.xml:17:85-106
	android:name
		ADDED from [com.google.android.play:core:1.9.1] AndroidManifest.xml:17:18-84
service#com.google.android.play.core.assetpacks.ExtractionForegroundService
ADDED from [com.google.android.play:core:1.9.1] AndroidManifest.xml:19:5-147
	android:enabled
		ADDED from [com.google.android.play:core:1.9.1] AndroidManifest.xml:19:97-120
	android:exported
		ADDED from [com.google.android.play:core:1.9.1] AndroidManifest.xml:19:121-145
	android:name
		ADDED from [com.google.android.play:core:1.9.1] AndroidManifest.xml:19:14-96